                                      1 ;--------------------------------------------------------
                                      2 ; File Created by SDCC : free open source ANSI-C Compiler
                                      3 ; Version 3.6.0 #9615 (Mac OS X x86_64)
                                      4 ;--------------------------------------------------------
                                      5 	.module stm8s_clk
                                      6 	.optsdcc -mstm8
                                      7 	
                                      8 ;--------------------------------------------------------
                                      9 ; Public variables in this module
                                     10 ;--------------------------------------------------------
                                     11 	.globl _CLKPrescTable
                                     12 	.globl _HSIDivFactor
                                     13 	.globl _CLK_DeInit
                                     14 	.globl _CLK_FastHaltWakeUpCmd
                                     15 	.globl _CLK_HSECmd
                                     16 	.globl _CLK_HSICmd
                                     17 	.globl _CLK_LSICmd
                                     18 	.globl _CLK_CCOCmd
                                     19 	.globl _CLK_ClockSwitchCmd
                                     20 	.globl _CLK_SlowActiveHaltWakeUpCmd
                                     21 	.globl _CLK_PeripheralClockConfig
                                     22 	.globl _CLK_ClockSwitchConfig
                                     23 	.globl _CLK_HSIPrescalerConfig
                                     24 	.globl _CLK_CCOConfig
                                     25 	.globl _CLK_ITConfig
                                     26 	.globl _CLK_SYSCLKConfig
                                     27 	.globl _CLK_SWIMConfig
                                     28 	.globl _CLK_ClockSecuritySystemEnable
                                     29 	.globl _CLK_GetSYSCLKSource
                                     30 	.globl _CLK_GetClockFreq
                                     31 	.globl _CLK_AdjustHSICalibrationValue
                                     32 	.globl _CLK_SYSCLKEmergencyClear
                                     33 	.globl _CLK_GetFlagStatus
                                     34 	.globl _CLK_GetITStatus
                                     35 	.globl _CLK_ClearITPendingBit
                                     36 ;--------------------------------------------------------
                                     37 ; ram data
                                     38 ;--------------------------------------------------------
                                     39 	.area DATA
                                     40 ;--------------------------------------------------------
                                     41 ; ram data
                                     42 ;--------------------------------------------------------
                                     43 	.area INITIALIZED
                                     44 ;--------------------------------------------------------
                                     45 ; absolute external ram data
                                     46 ;--------------------------------------------------------
                                     47 	.area DABS (ABS)
                                     48 ;--------------------------------------------------------
                                     49 ; global & static initialisations
                                     50 ;--------------------------------------------------------
                                     51 	.area HOME
                                     52 	.area GSINIT
                                     53 	.area GSFINAL
                                     54 	.area GSINIT
                                     55 ;--------------------------------------------------------
                                     56 ; Home
                                     57 ;--------------------------------------------------------
                                     58 	.area HOME
                                     59 	.area HOME
                                     60 ;--------------------------------------------------------
                                     61 ; code
                                     62 ;--------------------------------------------------------
                                     63 	.area CODE
                                     64 ;	lib/stm8s_clk.c: 72: void CLK_DeInit(void)
                                     65 ;	-----------------------------------------
                                     66 ;	 function CLK_DeInit
                                     67 ;	-----------------------------------------
      000000                         68 _CLK_DeInit:
                                     69 ;	lib/stm8s_clk.c: 74: CLK->ICKR = CLK_ICKR_RESET_VALUE;
      000000 35 01 50 C0      [ 1]   70 	mov	0x50c0+0, #0x01
                                     71 ;	lib/stm8s_clk.c: 75: CLK->ECKR = CLK_ECKR_RESET_VALUE;
      000004 35 00 50 C1      [ 1]   72 	mov	0x50c1+0, #0x00
                                     73 ;	lib/stm8s_clk.c: 76: CLK->SWR  = CLK_SWR_RESET_VALUE;
      000008 35 E1 50 C4      [ 1]   74 	mov	0x50c4+0, #0xe1
                                     75 ;	lib/stm8s_clk.c: 77: CLK->SWCR = CLK_SWCR_RESET_VALUE;
      00000C 35 00 50 C5      [ 1]   76 	mov	0x50c5+0, #0x00
                                     77 ;	lib/stm8s_clk.c: 78: CLK->CKDIVR = CLK_CKDIVR_RESET_VALUE;
      000010 35 18 50 C6      [ 1]   78 	mov	0x50c6+0, #0x18
                                     79 ;	lib/stm8s_clk.c: 79: CLK->PCKENR1 = CLK_PCKENR1_RESET_VALUE;
      000014 35 FF 50 C7      [ 1]   80 	mov	0x50c7+0, #0xff
                                     81 ;	lib/stm8s_clk.c: 80: CLK->PCKENR2 = CLK_PCKENR2_RESET_VALUE;
      000018 35 FF 50 CA      [ 1]   82 	mov	0x50ca+0, #0xff
                                     83 ;	lib/stm8s_clk.c: 81: CLK->CSSR = CLK_CSSR_RESET_VALUE;
      00001C 35 00 50 C8      [ 1]   84 	mov	0x50c8+0, #0x00
                                     85 ;	lib/stm8s_clk.c: 82: CLK->CCOR = CLK_CCOR_RESET_VALUE;
      000020 35 00 50 C9      [ 1]   86 	mov	0x50c9+0, #0x00
                                     87 ;	lib/stm8s_clk.c: 83: while ((CLK->CCOR & CLK_CCOR_CCOEN)!= 0)
      000024                         88 00101$:
      000024 AE 50 C9         [ 2]   89 	ldw	x, #0x50c9
      000027 F6               [ 1]   90 	ld	a, (x)
      000028 44               [ 1]   91 	srl	a
      000029 25 F9            [ 1]   92 	jrc	00101$
                                     93 ;	lib/stm8s_clk.c: 85: CLK->CCOR = CLK_CCOR_RESET_VALUE;
      00002B 35 00 50 C9      [ 1]   94 	mov	0x50c9+0, #0x00
                                     95 ;	lib/stm8s_clk.c: 86: CLK->HSITRIMR = CLK_HSITRIMR_RESET_VALUE;
      00002F 35 00 50 CC      [ 1]   96 	mov	0x50cc+0, #0x00
                                     97 ;	lib/stm8s_clk.c: 87: CLK->SWIMCCR = CLK_SWIMCCR_RESET_VALUE;
      000033 35 00 50 CD      [ 1]   98 	mov	0x50cd+0, #0x00
      000037 81               [ 4]   99 	ret
                                    100 ;	lib/stm8s_clk.c: 99: void CLK_FastHaltWakeUpCmd(FunctionalState NewState)
                                    101 ;	-----------------------------------------
                                    102 ;	 function CLK_FastHaltWakeUpCmd
                                    103 ;	-----------------------------------------
      000038                        104 _CLK_FastHaltWakeUpCmd:
                                    105 ;	lib/stm8s_clk.c: 102: if (NewState != DISABLE)
      000038 0D 03            [ 1]  106 	tnz	(0x03, sp)
      00003A 27 08            [ 1]  107 	jreq	00102$
                                    108 ;	lib/stm8s_clk.c: 105: CLK->ICKR |= CLK_ICKR_FHWU;
      00003C AE 50 C0         [ 2]  109 	ldw	x, #0x50c0
      00003F F6               [ 1]  110 	ld	a, (x)
      000040 AA 04            [ 1]  111 	or	a, #0x04
      000042 F7               [ 1]  112 	ld	(x), a
      000043 81               [ 4]  113 	ret
      000044                        114 00102$:
                                    115 ;	lib/stm8s_clk.c: 110: CLK->ICKR &= (uint8_t)(~CLK_ICKR_FHWU);
      000044 AE 50 C0         [ 2]  116 	ldw	x, #0x50c0
      000047 F6               [ 1]  117 	ld	a, (x)
      000048 A4 FB            [ 1]  118 	and	a, #0xfb
      00004A F7               [ 1]  119 	ld	(x), a
      00004B 81               [ 4]  120 	ret
                                    121 ;	lib/stm8s_clk.c: 119: void CLK_HSECmd(FunctionalState NewState)
                                    122 ;	-----------------------------------------
                                    123 ;	 function CLK_HSECmd
                                    124 ;	-----------------------------------------
      00004C                        125 _CLK_HSECmd:
                                    126 ;	lib/stm8s_clk.c: 122: if (NewState != DISABLE)
      00004C 0D 03            [ 1]  127 	tnz	(0x03, sp)
      00004E 27 05            [ 1]  128 	jreq	00102$
                                    129 ;	lib/stm8s_clk.c: 125: CLK->ECKR |= CLK_ECKR_HSEEN;
      000050 72 10 50 C1      [ 1]  130 	bset	0x50c1, #0
      000054 81               [ 4]  131 	ret
      000055                        132 00102$:
                                    133 ;	lib/stm8s_clk.c: 130: CLK->ECKR &= (uint8_t)(~CLK_ECKR_HSEEN);
      000055 72 11 50 C1      [ 1]  134 	bres	0x50c1, #0
      000059 81               [ 4]  135 	ret
                                    136 ;	lib/stm8s_clk.c: 139: void CLK_HSICmd(FunctionalState NewState)
                                    137 ;	-----------------------------------------
                                    138 ;	 function CLK_HSICmd
                                    139 ;	-----------------------------------------
      00005A                        140 _CLK_HSICmd:
                                    141 ;	lib/stm8s_clk.c: 142: if (NewState != DISABLE)
      00005A 0D 03            [ 1]  142 	tnz	(0x03, sp)
      00005C 27 05            [ 1]  143 	jreq	00102$
                                    144 ;	lib/stm8s_clk.c: 145: CLK->ICKR |= CLK_ICKR_HSIEN;
      00005E 72 10 50 C0      [ 1]  145 	bset	0x50c0, #0
      000062 81               [ 4]  146 	ret
      000063                        147 00102$:
                                    148 ;	lib/stm8s_clk.c: 150: CLK->ICKR &= (uint8_t)(~CLK_ICKR_HSIEN);
      000063 72 11 50 C0      [ 1]  149 	bres	0x50c0, #0
      000067 81               [ 4]  150 	ret
                                    151 ;	lib/stm8s_clk.c: 160: void CLK_LSICmd(FunctionalState NewState)
                                    152 ;	-----------------------------------------
                                    153 ;	 function CLK_LSICmd
                                    154 ;	-----------------------------------------
      000068                        155 _CLK_LSICmd:
                                    156 ;	lib/stm8s_clk.c: 163: if (NewState != DISABLE)
      000068 0D 03            [ 1]  157 	tnz	(0x03, sp)
      00006A 27 08            [ 1]  158 	jreq	00102$
                                    159 ;	lib/stm8s_clk.c: 166: CLK->ICKR |= CLK_ICKR_LSIEN;
      00006C AE 50 C0         [ 2]  160 	ldw	x, #0x50c0
      00006F F6               [ 1]  161 	ld	a, (x)
      000070 AA 08            [ 1]  162 	or	a, #0x08
      000072 F7               [ 1]  163 	ld	(x), a
      000073 81               [ 4]  164 	ret
      000074                        165 00102$:
                                    166 ;	lib/stm8s_clk.c: 171: CLK->ICKR &= (uint8_t)(~CLK_ICKR_LSIEN);
      000074 AE 50 C0         [ 2]  167 	ldw	x, #0x50c0
      000077 F6               [ 1]  168 	ld	a, (x)
      000078 A4 F7            [ 1]  169 	and	a, #0xf7
      00007A F7               [ 1]  170 	ld	(x), a
      00007B 81               [ 4]  171 	ret
                                    172 ;	lib/stm8s_clk.c: 181: void CLK_CCOCmd(FunctionalState NewState)
                                    173 ;	-----------------------------------------
                                    174 ;	 function CLK_CCOCmd
                                    175 ;	-----------------------------------------
      00007C                        176 _CLK_CCOCmd:
                                    177 ;	lib/stm8s_clk.c: 184: if (NewState != DISABLE)
      00007C 0D 03            [ 1]  178 	tnz	(0x03, sp)
      00007E 27 05            [ 1]  179 	jreq	00102$
                                    180 ;	lib/stm8s_clk.c: 187: CLK->CCOR |= CLK_CCOR_CCOEN;
      000080 72 10 50 C9      [ 1]  181 	bset	0x50c9, #0
      000084 81               [ 4]  182 	ret
      000085                        183 00102$:
                                    184 ;	lib/stm8s_clk.c: 192: CLK->CCOR &= (uint8_t)(~CLK_CCOR_CCOEN);
      000085 72 11 50 C9      [ 1]  185 	bres	0x50c9, #0
      000089 81               [ 4]  186 	ret
                                    187 ;	lib/stm8s_clk.c: 203: void CLK_ClockSwitchCmd(FunctionalState NewState)
                                    188 ;	-----------------------------------------
                                    189 ;	 function CLK_ClockSwitchCmd
                                    190 ;	-----------------------------------------
      00008A                        191 _CLK_ClockSwitchCmd:
                                    192 ;	lib/stm8s_clk.c: 206: if (NewState != DISABLE )
      00008A 0D 03            [ 1]  193 	tnz	(0x03, sp)
      00008C 27 08            [ 1]  194 	jreq	00102$
                                    195 ;	lib/stm8s_clk.c: 209: CLK->SWCR |= CLK_SWCR_SWEN;
      00008E AE 50 C5         [ 2]  196 	ldw	x, #0x50c5
      000091 F6               [ 1]  197 	ld	a, (x)
      000092 AA 02            [ 1]  198 	or	a, #0x02
      000094 F7               [ 1]  199 	ld	(x), a
      000095 81               [ 4]  200 	ret
      000096                        201 00102$:
                                    202 ;	lib/stm8s_clk.c: 214: CLK->SWCR &= (uint8_t)(~CLK_SWCR_SWEN);
      000096 AE 50 C5         [ 2]  203 	ldw	x, #0x50c5
      000099 F6               [ 1]  204 	ld	a, (x)
      00009A A4 FD            [ 1]  205 	and	a, #0xfd
      00009C F7               [ 1]  206 	ld	(x), a
      00009D 81               [ 4]  207 	ret
                                    208 ;	lib/stm8s_clk.c: 226: void CLK_SlowActiveHaltWakeUpCmd(FunctionalState NewState)
                                    209 ;	-----------------------------------------
                                    210 ;	 function CLK_SlowActiveHaltWakeUpCmd
                                    211 ;	-----------------------------------------
      00009E                        212 _CLK_SlowActiveHaltWakeUpCmd:
                                    213 ;	lib/stm8s_clk.c: 229: if (NewState != DISABLE)
      00009E 0D 03            [ 1]  214 	tnz	(0x03, sp)
      0000A0 27 08            [ 1]  215 	jreq	00102$
                                    216 ;	lib/stm8s_clk.c: 232: CLK->ICKR |= CLK_ICKR_SWUAH;
      0000A2 AE 50 C0         [ 2]  217 	ldw	x, #0x50c0
      0000A5 F6               [ 1]  218 	ld	a, (x)
      0000A6 AA 20            [ 1]  219 	or	a, #0x20
      0000A8 F7               [ 1]  220 	ld	(x), a
      0000A9 81               [ 4]  221 	ret
      0000AA                        222 00102$:
                                    223 ;	lib/stm8s_clk.c: 237: CLK->ICKR &= (uint8_t)(~CLK_ICKR_SWUAH);
      0000AA AE 50 C0         [ 2]  224 	ldw	x, #0x50c0
      0000AD F6               [ 1]  225 	ld	a, (x)
      0000AE A4 DF            [ 1]  226 	and	a, #0xdf
      0000B0 F7               [ 1]  227 	ld	(x), a
      0000B1 81               [ 4]  228 	ret
                                    229 ;	lib/stm8s_clk.c: 249: void CLK_PeripheralClockConfig(CLK_Peripheral_TypeDef CLK_Peripheral, FunctionalState NewState)
                                    230 ;	-----------------------------------------
                                    231 ;	 function CLK_PeripheralClockConfig
                                    232 ;	-----------------------------------------
      0000B2                        233 _CLK_PeripheralClockConfig:
      0000B2 89               [ 2]  234 	pushw	x
                                    235 ;	lib/stm8s_clk.c: 257: CLK->PCKENR1 |= (uint8_t)((uint8_t)1 << ((uint8_t)CLK_Peripheral & (uint8_t)0x0F));
      0000B3 7B 05            [ 1]  236 	ld	a, (0x05, sp)
      0000B5 A4 0F            [ 1]  237 	and	a, #0x0f
      0000B7 88               [ 1]  238 	push	a
      0000B8 A6 01            [ 1]  239 	ld	a, #0x01
      0000BA 6B 02            [ 1]  240 	ld	(0x02, sp), a
      0000BC 84               [ 1]  241 	pop	a
      0000BD 4D               [ 1]  242 	tnz	a
      0000BE 27 05            [ 1]  243 	jreq	00125$
      0000C0                        244 00124$:
      0000C0 08 01            [ 1]  245 	sll	(0x01, sp)
      0000C2 4A               [ 1]  246 	dec	a
      0000C3 26 FB            [ 1]  247 	jrne	00124$
      0000C5                        248 00125$:
                                    249 ;	lib/stm8s_clk.c: 262: CLK->PCKENR1 &= (uint8_t)(~(uint8_t)(((uint8_t)1 << ((uint8_t)CLK_Peripheral & (uint8_t)0x0F))));
      0000C5 7B 01            [ 1]  250 	ld	a, (0x01, sp)
      0000C7 43               [ 1]  251 	cpl	a
      0000C8 6B 02            [ 1]  252 	ld	(0x02, sp), a
                                    253 ;	lib/stm8s_clk.c: 252: if (((uint8_t)CLK_Peripheral & (uint8_t)0x10) == 0x00)
      0000CA 7B 05            [ 1]  254 	ld	a, (0x05, sp)
      0000CC A5 10            [ 1]  255 	bcp	a, #0x10
      0000CE 26 1C            [ 1]  256 	jrne	00108$
                                    257 ;	lib/stm8s_clk.c: 254: if (NewState != DISABLE)
      0000D0 0D 06            [ 1]  258 	tnz	(0x06, sp)
      0000D2 27 0C            [ 1]  259 	jreq	00102$
                                    260 ;	lib/stm8s_clk.c: 257: CLK->PCKENR1 |= (uint8_t)((uint8_t)1 << ((uint8_t)CLK_Peripheral & (uint8_t)0x0F));
      0000D4 AE 50 C7         [ 2]  261 	ldw	x, #0x50c7
      0000D7 F6               [ 1]  262 	ld	a, (x)
      0000D8 1A 01            [ 1]  263 	or	a, (0x01, sp)
      0000DA AE 50 C7         [ 2]  264 	ldw	x, #0x50c7
      0000DD F7               [ 1]  265 	ld	(x), a
      0000DE 20 26            [ 2]  266 	jra	00110$
      0000E0                        267 00102$:
                                    268 ;	lib/stm8s_clk.c: 262: CLK->PCKENR1 &= (uint8_t)(~(uint8_t)(((uint8_t)1 << ((uint8_t)CLK_Peripheral & (uint8_t)0x0F))));
      0000E0 AE 50 C7         [ 2]  269 	ldw	x, #0x50c7
      0000E3 F6               [ 1]  270 	ld	a, (x)
      0000E4 14 02            [ 1]  271 	and	a, (0x02, sp)
      0000E6 AE 50 C7         [ 2]  272 	ldw	x, #0x50c7
      0000E9 F7               [ 1]  273 	ld	(x), a
      0000EA 20 1A            [ 2]  274 	jra	00110$
      0000EC                        275 00108$:
                                    276 ;	lib/stm8s_clk.c: 267: if (NewState != DISABLE)
      0000EC 0D 06            [ 1]  277 	tnz	(0x06, sp)
      0000EE 27 0C            [ 1]  278 	jreq	00105$
                                    279 ;	lib/stm8s_clk.c: 270: CLK->PCKENR2 |= (uint8_t)((uint8_t)1 << ((uint8_t)CLK_Peripheral & (uint8_t)0x0F));
      0000F0 AE 50 CA         [ 2]  280 	ldw	x, #0x50ca
      0000F3 F6               [ 1]  281 	ld	a, (x)
      0000F4 1A 01            [ 1]  282 	or	a, (0x01, sp)
      0000F6 AE 50 CA         [ 2]  283 	ldw	x, #0x50ca
      0000F9 F7               [ 1]  284 	ld	(x), a
      0000FA 20 0A            [ 2]  285 	jra	00110$
      0000FC                        286 00105$:
                                    287 ;	lib/stm8s_clk.c: 275: CLK->PCKENR2 &= (uint8_t)(~(uint8_t)(((uint8_t)1 << ((uint8_t)CLK_Peripheral & (uint8_t)0x0F))));
      0000FC AE 50 CA         [ 2]  288 	ldw	x, #0x50ca
      0000FF F6               [ 1]  289 	ld	a, (x)
      000100 14 02            [ 1]  290 	and	a, (0x02, sp)
      000102 AE 50 CA         [ 2]  291 	ldw	x, #0x50ca
      000105 F7               [ 1]  292 	ld	(x), a
      000106                        293 00110$:
      000106 85               [ 2]  294 	popw	x
      000107 81               [ 4]  295 	ret
                                    296 ;	lib/stm8s_clk.c: 292: ErrorStatus CLK_ClockSwitchConfig(CLK_SwitchMode_TypeDef CLK_SwitchMode, CLK_Source_TypeDef CLK_NewClock, FunctionalState ITState, CLK_CurrentClockState_TypeDef CLK_CurrentClockState)
                                    297 ;	-----------------------------------------
                                    298 ;	 function CLK_ClockSwitchConfig
                                    299 ;	-----------------------------------------
      000108                        300 _CLK_ClockSwitchConfig:
      000108 89               [ 2]  301 	pushw	x
                                    302 ;	lib/stm8s_clk.c: 299: clock_master = (CLK_Source_TypeDef)CLK->CMSR;
      000109 AE 50 C3         [ 2]  303 	ldw	x, #0x50c3
      00010C F6               [ 1]  304 	ld	a, (x)
      00010D 6B 02            [ 1]  305 	ld	(0x02, sp), a
                                    306 ;	lib/stm8s_clk.c: 302: if (CLK_SwitchMode == CLK_SWITCHMODE_AUTO)
      00010F 7B 05            [ 1]  307 	ld	a, (0x05, sp)
      000111 A1 01            [ 1]  308 	cp	a, #0x01
      000113 26 40            [ 1]  309 	jrne	00122$
                                    310 ;	lib/stm8s_clk.c: 305: CLK->SWCR |= CLK_SWCR_SWEN;
      000115 AE 50 C5         [ 2]  311 	ldw	x, #0x50c5
      000118 F6               [ 1]  312 	ld	a, (x)
      000119 AA 02            [ 1]  313 	or	a, #0x02
      00011B F7               [ 1]  314 	ld	(x), a
                                    315 ;	lib/stm8s_clk.c: 308: if (ITState != DISABLE)
      00011C 0D 07            [ 1]  316 	tnz	(0x07, sp)
      00011E 27 09            [ 1]  317 	jreq	00102$
                                    318 ;	lib/stm8s_clk.c: 310: CLK->SWCR |= CLK_SWCR_SWIEN;
      000120 AE 50 C5         [ 2]  319 	ldw	x, #0x50c5
      000123 F6               [ 1]  320 	ld	a, (x)
      000124 AA 04            [ 1]  321 	or	a, #0x04
      000126 F7               [ 1]  322 	ld	(x), a
      000127 20 07            [ 2]  323 	jra	00103$
      000129                        324 00102$:
                                    325 ;	lib/stm8s_clk.c: 314: CLK->SWCR &= (uint8_t)(~CLK_SWCR_SWIEN);
      000129 AE 50 C5         [ 2]  326 	ldw	x, #0x50c5
      00012C F6               [ 1]  327 	ld	a, (x)
      00012D A4 FB            [ 1]  328 	and	a, #0xfb
      00012F F7               [ 1]  329 	ld	(x), a
      000130                        330 00103$:
                                    331 ;	lib/stm8s_clk.c: 318: CLK->SWR = (uint8_t)CLK_NewClock;
      000130 AE 50 C4         [ 2]  332 	ldw	x, #0x50c4
      000133 7B 06            [ 1]  333 	ld	a, (0x06, sp)
      000135 F7               [ 1]  334 	ld	(x), a
                                    335 ;	lib/stm8s_clk.c: 321: while((((CLK->SWCR & CLK_SWCR_SWBSY) != 0 )&& (DownCounter != 0)))
      000136 AE FF FF         [ 2]  336 	ldw	x, #0xffff
      000139                        337 00105$:
      000139 90 AE 50 C5      [ 2]  338 	ldw	y, #0x50c5
      00013D 90 F6            [ 1]  339 	ld	a, (y)
      00013F 44               [ 1]  340 	srl	a
      000140 24 06            [ 1]  341 	jrnc	00107$
      000142 5D               [ 2]  342 	tnzw	x
      000143 27 03            [ 1]  343 	jreq	00107$
                                    344 ;	lib/stm8s_clk.c: 323: DownCounter--;
      000145 5A               [ 2]  345 	decw	x
      000146 20 F1            [ 2]  346 	jra	00105$
      000148                        347 00107$:
                                    348 ;	lib/stm8s_clk.c: 326: if(DownCounter != 0)
      000148 5D               [ 2]  349 	tnzw	x
      000149 27 06            [ 1]  350 	jreq	00109$
                                    351 ;	lib/stm8s_clk.c: 328: Swif = SUCCESS;
      00014B A6 01            [ 1]  352 	ld	a, #0x01
      00014D 6B 01            [ 1]  353 	ld	(0x01, sp), a
      00014F 20 43            [ 2]  354 	jra	00123$
      000151                        355 00109$:
                                    356 ;	lib/stm8s_clk.c: 332: Swif = ERROR;
      000151 0F 01            [ 1]  357 	clr	(0x01, sp)
      000153 20 3F            [ 2]  358 	jra	00123$
      000155                        359 00122$:
                                    360 ;	lib/stm8s_clk.c: 338: if (ITState != DISABLE)
      000155 0D 07            [ 1]  361 	tnz	(0x07, sp)
      000157 27 09            [ 1]  362 	jreq	00112$
                                    363 ;	lib/stm8s_clk.c: 340: CLK->SWCR |= CLK_SWCR_SWIEN;
      000159 AE 50 C5         [ 2]  364 	ldw	x, #0x50c5
      00015C F6               [ 1]  365 	ld	a, (x)
      00015D AA 04            [ 1]  366 	or	a, #0x04
      00015F F7               [ 1]  367 	ld	(x), a
      000160 20 07            [ 2]  368 	jra	00113$
      000162                        369 00112$:
                                    370 ;	lib/stm8s_clk.c: 344: CLK->SWCR &= (uint8_t)(~CLK_SWCR_SWIEN);
      000162 AE 50 C5         [ 2]  371 	ldw	x, #0x50c5
      000165 F6               [ 1]  372 	ld	a, (x)
      000166 A4 FB            [ 1]  373 	and	a, #0xfb
      000168 F7               [ 1]  374 	ld	(x), a
      000169                        375 00113$:
                                    376 ;	lib/stm8s_clk.c: 348: CLK->SWR = (uint8_t)CLK_NewClock;
      000169 AE 50 C4         [ 2]  377 	ldw	x, #0x50c4
      00016C 7B 06            [ 1]  378 	ld	a, (0x06, sp)
      00016E F7               [ 1]  379 	ld	(x), a
                                    380 ;	lib/stm8s_clk.c: 351: while((((CLK->SWCR & CLK_SWCR_SWIF) != 0 ) && (DownCounter != 0)))
      00016F AE FF FF         [ 2]  381 	ldw	x, #0xffff
      000172                        382 00115$:
      000172 90 AE 50 C5      [ 2]  383 	ldw	y, #0x50c5
      000176 90 F6            [ 1]  384 	ld	a, (y)
      000178 A5 08            [ 1]  385 	bcp	a, #0x08
      00017A 27 06            [ 1]  386 	jreq	00117$
      00017C 5D               [ 2]  387 	tnzw	x
      00017D 27 03            [ 1]  388 	jreq	00117$
                                    389 ;	lib/stm8s_clk.c: 353: DownCounter--;
      00017F 5A               [ 2]  390 	decw	x
      000180 20 F0            [ 2]  391 	jra	00115$
      000182                        392 00117$:
                                    393 ;	lib/stm8s_clk.c: 356: if(DownCounter != 0)
      000182 5D               [ 2]  394 	tnzw	x
      000183 27 0D            [ 1]  395 	jreq	00119$
                                    396 ;	lib/stm8s_clk.c: 359: CLK->SWCR |= CLK_SWCR_SWEN;
      000185 AE 50 C5         [ 2]  397 	ldw	x, #0x50c5
      000188 F6               [ 1]  398 	ld	a, (x)
      000189 AA 02            [ 1]  399 	or	a, #0x02
      00018B F7               [ 1]  400 	ld	(x), a
                                    401 ;	lib/stm8s_clk.c: 360: Swif = SUCCESS;
      00018C A6 01            [ 1]  402 	ld	a, #0x01
      00018E 6B 01            [ 1]  403 	ld	(0x01, sp), a
      000190 20 02            [ 2]  404 	jra	00123$
      000192                        405 00119$:
                                    406 ;	lib/stm8s_clk.c: 364: Swif = ERROR;
      000192 0F 01            [ 1]  407 	clr	(0x01, sp)
      000194                        408 00123$:
                                    409 ;	lib/stm8s_clk.c: 367: if(Swif != ERROR)
      000194 0D 01            [ 1]  410 	tnz	(0x01, sp)
      000196 27 31            [ 1]  411 	jreq	00136$
                                    412 ;	lib/stm8s_clk.c: 370: if((CLK_CurrentClockState == CLK_CURRENTCLOCKSTATE_DISABLE) && ( clock_master == CLK_SOURCE_HSI))
      000198 0D 08            [ 1]  413 	tnz	(0x08, sp)
      00019A 26 0C            [ 1]  414 	jrne	00132$
      00019C 7B 02            [ 1]  415 	ld	a, (0x02, sp)
      00019E A1 E1            [ 1]  416 	cp	a, #0xe1
      0001A0 26 06            [ 1]  417 	jrne	00132$
                                    418 ;	lib/stm8s_clk.c: 372: CLK->ICKR &= (uint8_t)(~CLK_ICKR_HSIEN);
      0001A2 72 11 50 C0      [ 1]  419 	bres	0x50c0, #0
      0001A6 20 21            [ 2]  420 	jra	00136$
      0001A8                        421 00132$:
                                    422 ;	lib/stm8s_clk.c: 374: else if((CLK_CurrentClockState == CLK_CURRENTCLOCKSTATE_DISABLE) && ( clock_master == CLK_SOURCE_LSI))
      0001A8 0D 08            [ 1]  423 	tnz	(0x08, sp)
      0001AA 26 0F            [ 1]  424 	jrne	00128$
      0001AC 7B 02            [ 1]  425 	ld	a, (0x02, sp)
      0001AE A1 D2            [ 1]  426 	cp	a, #0xd2
      0001B0 26 09            [ 1]  427 	jrne	00128$
                                    428 ;	lib/stm8s_clk.c: 376: CLK->ICKR &= (uint8_t)(~CLK_ICKR_LSIEN);
      0001B2 AE 50 C0         [ 2]  429 	ldw	x, #0x50c0
      0001B5 F6               [ 1]  430 	ld	a, (x)
      0001B6 A4 F7            [ 1]  431 	and	a, #0xf7
      0001B8 F7               [ 1]  432 	ld	(x), a
      0001B9 20 0E            [ 2]  433 	jra	00136$
      0001BB                        434 00128$:
                                    435 ;	lib/stm8s_clk.c: 378: else if ((CLK_CurrentClockState == CLK_CURRENTCLOCKSTATE_DISABLE) && ( clock_master == CLK_SOURCE_HSE))
      0001BB 0D 08            [ 1]  436 	tnz	(0x08, sp)
      0001BD 26 0A            [ 1]  437 	jrne	00136$
      0001BF 7B 02            [ 1]  438 	ld	a, (0x02, sp)
      0001C1 A1 B4            [ 1]  439 	cp	a, #0xb4
      0001C3 26 04            [ 1]  440 	jrne	00136$
                                    441 ;	lib/stm8s_clk.c: 380: CLK->ECKR &= (uint8_t)(~CLK_ECKR_HSEEN);
      0001C5 72 11 50 C1      [ 1]  442 	bres	0x50c1, #0
      0001C9                        443 00136$:
                                    444 ;	lib/stm8s_clk.c: 383: return(Swif);
      0001C9 7B 01            [ 1]  445 	ld	a, (0x01, sp)
      0001CB 85               [ 2]  446 	popw	x
      0001CC 81               [ 4]  447 	ret
                                    448 ;	lib/stm8s_clk.c: 392: void CLK_HSIPrescalerConfig(CLK_Prescaler_TypeDef HSIPrescaler)
                                    449 ;	-----------------------------------------
                                    450 ;	 function CLK_HSIPrescalerConfig
                                    451 ;	-----------------------------------------
      0001CD                        452 _CLK_HSIPrescalerConfig:
                                    453 ;	lib/stm8s_clk.c: 396: CLK->CKDIVR &= (uint8_t)(~CLK_CKDIVR_HSIDIV);
      0001CD AE 50 C6         [ 2]  454 	ldw	x, #0x50c6
      0001D0 F6               [ 1]  455 	ld	a, (x)
      0001D1 A4 E7            [ 1]  456 	and	a, #0xe7
      0001D3 F7               [ 1]  457 	ld	(x), a
                                    458 ;	lib/stm8s_clk.c: 399: CLK->CKDIVR |= (uint8_t)HSIPrescaler;
      0001D4 AE 50 C6         [ 2]  459 	ldw	x, #0x50c6
      0001D7 F6               [ 1]  460 	ld	a, (x)
      0001D8 1A 03            [ 1]  461 	or	a, (0x03, sp)
      0001DA AE 50 C6         [ 2]  462 	ldw	x, #0x50c6
      0001DD F7               [ 1]  463 	ld	(x), a
      0001DE 81               [ 4]  464 	ret
                                    465 ;	lib/stm8s_clk.c: 411: void CLK_CCOConfig(CLK_Output_TypeDef CLK_CCO)
                                    466 ;	-----------------------------------------
                                    467 ;	 function CLK_CCOConfig
                                    468 ;	-----------------------------------------
      0001DF                        469 _CLK_CCOConfig:
                                    470 ;	lib/stm8s_clk.c: 415: CLK->CCOR &= (uint8_t)(~CLK_CCOR_CCOSEL);
      0001DF AE 50 C9         [ 2]  471 	ldw	x, #0x50c9
      0001E2 F6               [ 1]  472 	ld	a, (x)
      0001E3 A4 E1            [ 1]  473 	and	a, #0xe1
      0001E5 F7               [ 1]  474 	ld	(x), a
                                    475 ;	lib/stm8s_clk.c: 418: CLK->CCOR |= (uint8_t)CLK_CCO;
      0001E6 AE 50 C9         [ 2]  476 	ldw	x, #0x50c9
      0001E9 F6               [ 1]  477 	ld	a, (x)
      0001EA 1A 03            [ 1]  478 	or	a, (0x03, sp)
      0001EC AE 50 C9         [ 2]  479 	ldw	x, #0x50c9
      0001EF F7               [ 1]  480 	ld	(x), a
                                    481 ;	lib/stm8s_clk.c: 421: CLK->CCOR |= CLK_CCOR_CCOEN;
      0001F0 72 10 50 C9      [ 1]  482 	bset	0x50c9, #0
      0001F4 81               [ 4]  483 	ret
                                    484 ;	lib/stm8s_clk.c: 432: void CLK_ITConfig(CLK_IT_TypeDef CLK_IT, FunctionalState NewState)
                                    485 ;	-----------------------------------------
                                    486 ;	 function CLK_ITConfig
                                    487 ;	-----------------------------------------
      0001F5                        488 _CLK_ITConfig:
      0001F5 88               [ 1]  489 	push	a
                                    490 ;	lib/stm8s_clk.c: 436: switch (CLK_IT)
      0001F6 7B 04            [ 1]  491 	ld	a, (0x04, sp)
      0001F8 A1 0C            [ 1]  492 	cp	a, #0x0c
      0001FA 26 06            [ 1]  493 	jrne	00135$
      0001FC A6 01            [ 1]  494 	ld	a, #0x01
      0001FE 6B 01            [ 1]  495 	ld	(0x01, sp), a
      000200 20 02            [ 2]  496 	jra	00136$
      000202                        497 00135$:
      000202 0F 01            [ 1]  498 	clr	(0x01, sp)
      000204                        499 00136$:
      000204 7B 04            [ 1]  500 	ld	a, (0x04, sp)
      000206 A1 1C            [ 1]  501 	cp	a, #0x1c
      000208 26 03            [ 1]  502 	jrne	00138$
      00020A A6 01            [ 1]  503 	ld	a, #0x01
      00020C 21                     504 	.byte 0x21
      00020D                        505 00138$:
      00020D 4F               [ 1]  506 	clr	a
      00020E                        507 00139$:
                                    508 ;	lib/stm8s_clk.c: 434: if (NewState != DISABLE)
      00020E 0D 05            [ 1]  509 	tnz	(0x05, sp)
      000210 27 19            [ 1]  510 	jreq	00110$
                                    511 ;	lib/stm8s_clk.c: 436: switch (CLK_IT)
      000212 0D 01            [ 1]  512 	tnz	(0x01, sp)
      000214 26 0C            [ 1]  513 	jrne	00102$
      000216 4D               [ 1]  514 	tnz	a
      000217 27 29            [ 1]  515 	jreq	00112$
                                    516 ;	lib/stm8s_clk.c: 439: CLK->SWCR |= CLK_SWCR_SWIEN;
      000219 AE 50 C5         [ 2]  517 	ldw	x, #0x50c5
      00021C F6               [ 1]  518 	ld	a, (x)
      00021D AA 04            [ 1]  519 	or	a, #0x04
      00021F F7               [ 1]  520 	ld	(x), a
                                    521 ;	lib/stm8s_clk.c: 440: break;
      000220 20 20            [ 2]  522 	jra	00112$
                                    523 ;	lib/stm8s_clk.c: 441: case CLK_IT_CSSD: /* Enable the clock security system detection interrupt */
      000222                        524 00102$:
                                    525 ;	lib/stm8s_clk.c: 442: CLK->CSSR |= CLK_CSSR_CSSDIE;
      000222 AE 50 C8         [ 2]  526 	ldw	x, #0x50c8
      000225 F6               [ 1]  527 	ld	a, (x)
      000226 AA 04            [ 1]  528 	or	a, #0x04
      000228 F7               [ 1]  529 	ld	(x), a
                                    530 ;	lib/stm8s_clk.c: 443: break;
      000229 20 17            [ 2]  531 	jra	00112$
                                    532 ;	lib/stm8s_clk.c: 446: }
      00022B                        533 00110$:
                                    534 ;	lib/stm8s_clk.c: 450: switch (CLK_IT)
      00022B 0D 01            [ 1]  535 	tnz	(0x01, sp)
      00022D 26 0C            [ 1]  536 	jrne	00106$
      00022F 4D               [ 1]  537 	tnz	a
      000230 27 10            [ 1]  538 	jreq	00112$
                                    539 ;	lib/stm8s_clk.c: 453: CLK->SWCR  &= (uint8_t)(~CLK_SWCR_SWIEN);
      000232 AE 50 C5         [ 2]  540 	ldw	x, #0x50c5
      000235 F6               [ 1]  541 	ld	a, (x)
      000236 A4 FB            [ 1]  542 	and	a, #0xfb
      000238 F7               [ 1]  543 	ld	(x), a
                                    544 ;	lib/stm8s_clk.c: 454: break;
      000239 20 07            [ 2]  545 	jra	00112$
                                    546 ;	lib/stm8s_clk.c: 455: case CLK_IT_CSSD: /* Disable the clock security system detection interrupt */
      00023B                        547 00106$:
                                    548 ;	lib/stm8s_clk.c: 456: CLK->CSSR &= (uint8_t)(~CLK_CSSR_CSSDIE);
      00023B AE 50 C8         [ 2]  549 	ldw	x, #0x50c8
      00023E F6               [ 1]  550 	ld	a, (x)
      00023F A4 FB            [ 1]  551 	and	a, #0xfb
      000241 F7               [ 1]  552 	ld	(x), a
                                    553 ;	lib/stm8s_clk.c: 460: }
      000242                        554 00112$:
      000242 84               [ 1]  555 	pop	a
      000243 81               [ 4]  556 	ret
                                    557 ;	lib/stm8s_clk.c: 469: void CLK_SYSCLKConfig(CLK_Prescaler_TypeDef CLK_Prescaler)
                                    558 ;	-----------------------------------------
                                    559 ;	 function CLK_SYSCLKConfig
                                    560 ;	-----------------------------------------
      000244                        561 _CLK_SYSCLKConfig:
      000244 89               [ 2]  562 	pushw	x
                                    563 ;	lib/stm8s_clk.c: 472: if (((uint8_t)CLK_Prescaler & (uint8_t)0x80) == 0x00) /* Bit7 = 0 means HSI divider */
      000245 0D 05            [ 1]  564 	tnz	(0x05, sp)
      000247 2B 19            [ 1]  565 	jrmi	00102$
                                    566 ;	lib/stm8s_clk.c: 474: CLK->CKDIVR &= (uint8_t)(~CLK_CKDIVR_HSIDIV);
      000249 AE 50 C6         [ 2]  567 	ldw	x, #0x50c6
      00024C F6               [ 1]  568 	ld	a, (x)
      00024D A4 E7            [ 1]  569 	and	a, #0xe7
      00024F F7               [ 1]  570 	ld	(x), a
                                    571 ;	lib/stm8s_clk.c: 475: CLK->CKDIVR |= (uint8_t)((uint8_t)CLK_Prescaler & (uint8_t)CLK_CKDIVR_HSIDIV);
      000250 AE 50 C6         [ 2]  572 	ldw	x, #0x50c6
      000253 F6               [ 1]  573 	ld	a, (x)
      000254 6B 02            [ 1]  574 	ld	(0x02, sp), a
      000256 7B 05            [ 1]  575 	ld	a, (0x05, sp)
      000258 A4 18            [ 1]  576 	and	a, #0x18
      00025A 1A 02            [ 1]  577 	or	a, (0x02, sp)
      00025C AE 50 C6         [ 2]  578 	ldw	x, #0x50c6
      00025F F7               [ 1]  579 	ld	(x), a
      000260 20 17            [ 2]  580 	jra	00104$
      000262                        581 00102$:
                                    582 ;	lib/stm8s_clk.c: 479: CLK->CKDIVR &= (uint8_t)(~CLK_CKDIVR_CPUDIV);
      000262 AE 50 C6         [ 2]  583 	ldw	x, #0x50c6
      000265 F6               [ 1]  584 	ld	a, (x)
      000266 A4 F8            [ 1]  585 	and	a, #0xf8
      000268 F7               [ 1]  586 	ld	(x), a
                                    587 ;	lib/stm8s_clk.c: 480: CLK->CKDIVR |= (uint8_t)((uint8_t)CLK_Prescaler & (uint8_t)CLK_CKDIVR_CPUDIV);
      000269 AE 50 C6         [ 2]  588 	ldw	x, #0x50c6
      00026C F6               [ 1]  589 	ld	a, (x)
      00026D 6B 01            [ 1]  590 	ld	(0x01, sp), a
      00026F 7B 05            [ 1]  591 	ld	a, (0x05, sp)
      000271 A4 07            [ 1]  592 	and	a, #0x07
      000273 1A 01            [ 1]  593 	or	a, (0x01, sp)
      000275 AE 50 C6         [ 2]  594 	ldw	x, #0x50c6
      000278 F7               [ 1]  595 	ld	(x), a
      000279                        596 00104$:
      000279 85               [ 2]  597 	popw	x
      00027A 81               [ 4]  598 	ret
                                    599 ;	lib/stm8s_clk.c: 490: void CLK_SWIMConfig(CLK_SWIMDivider_TypeDef CLK_SWIMDivider)
                                    600 ;	-----------------------------------------
                                    601 ;	 function CLK_SWIMConfig
                                    602 ;	-----------------------------------------
      00027B                        603 _CLK_SWIMConfig:
                                    604 ;	lib/stm8s_clk.c: 493: if (CLK_SWIMDivider != CLK_SWIMDIVIDER_2)
      00027B 0D 03            [ 1]  605 	tnz	(0x03, sp)
      00027D 27 05            [ 1]  606 	jreq	00102$
                                    607 ;	lib/stm8s_clk.c: 496: CLK->SWIMCCR |= CLK_SWIMCCR_SWIMDIV;
      00027F 72 10 50 CD      [ 1]  608 	bset	0x50cd, #0
      000283 81               [ 4]  609 	ret
      000284                        610 00102$:
                                    611 ;	lib/stm8s_clk.c: 501: CLK->SWIMCCR &= (uint8_t)(~CLK_SWIMCCR_SWIMDIV);
      000284 72 11 50 CD      [ 1]  612 	bres	0x50cd, #0
      000288 81               [ 4]  613 	ret
                                    614 ;	lib/stm8s_clk.c: 512: void CLK_ClockSecuritySystemEnable(void)
                                    615 ;	-----------------------------------------
                                    616 ;	 function CLK_ClockSecuritySystemEnable
                                    617 ;	-----------------------------------------
      000289                        618 _CLK_ClockSecuritySystemEnable:
                                    619 ;	lib/stm8s_clk.c: 515: CLK->CSSR |= CLK_CSSR_CSSEN;
      000289 72 10 50 C8      [ 1]  620 	bset	0x50c8, #0
      00028D 81               [ 4]  621 	ret
                                    622 ;	lib/stm8s_clk.c: 524: CLK_Source_TypeDef CLK_GetSYSCLKSource(void)
                                    623 ;	-----------------------------------------
                                    624 ;	 function CLK_GetSYSCLKSource
                                    625 ;	-----------------------------------------
      00028E                        626 _CLK_GetSYSCLKSource:
                                    627 ;	lib/stm8s_clk.c: 526: return((CLK_Source_TypeDef)CLK->CMSR);
      00028E AE 50 C3         [ 2]  628 	ldw	x, #0x50c3
      000291 F6               [ 1]  629 	ld	a, (x)
      000292 81               [ 4]  630 	ret
                                    631 ;	lib/stm8s_clk.c: 534: uint32_t CLK_GetClockFreq(void)
                                    632 ;	-----------------------------------------
                                    633 ;	 function CLK_GetClockFreq
                                    634 ;	-----------------------------------------
      000293                        635 _CLK_GetClockFreq:
      000293 52 07            [ 2]  636 	sub	sp, #7
                                    637 ;	lib/stm8s_clk.c: 541: clocksource = (CLK_Source_TypeDef)CLK->CMSR;
      000295 AE 50 C3         [ 2]  638 	ldw	x, #0x50c3
      000298 F6               [ 1]  639 	ld	a, (x)
      000299 6B 01            [ 1]  640 	ld	(0x01, sp), a
                                    641 ;	lib/stm8s_clk.c: 543: if (clocksource == CLK_SOURCE_HSI)
      00029B 7B 01            [ 1]  642 	ld	a, (0x01, sp)
      00029D A1 E1            [ 1]  643 	cp	a, #0xe1
      00029F 26 2C            [ 1]  644 	jrne	00105$
                                    645 ;	lib/stm8s_clk.c: 545: tmp = (uint8_t)(CLK->CKDIVR & CLK_CKDIVR_HSIDIV);
      0002A1 AE 50 C6         [ 2]  646 	ldw	x, #0x50c6
      0002A4 F6               [ 1]  647 	ld	a, (x)
      0002A5 A4 18            [ 1]  648 	and	a, #0x18
                                    649 ;	lib/stm8s_clk.c: 546: tmp = (uint8_t)(tmp >> 3);
      0002A7 44               [ 1]  650 	srl	a
      0002A8 44               [ 1]  651 	srl	a
      0002A9 44               [ 1]  652 	srl	a
                                    653 ;	lib/stm8s_clk.c: 547: presc = HSIDivFactor[tmp];
      0002AA AEr03r80         [ 2]  654 	ldw	x, #_HSIDivFactor+0
      0002AD 1F 06            [ 2]  655 	ldw	(0x06, sp), x
      0002AF 5F               [ 1]  656 	clrw	x
      0002B0 97               [ 1]  657 	ld	xl, a
      0002B1 72 FB 06         [ 2]  658 	addw	x, (0x06, sp)
      0002B4 F6               [ 1]  659 	ld	a, (x)
                                    660 ;	lib/stm8s_clk.c: 548: clockfrequency = HSI_VALUE / presc;
      0002B5 5F               [ 1]  661 	clrw	x
      0002B6 97               [ 1]  662 	ld	xl, a
      0002B7 90 5F            [ 1]  663 	clrw	y
      0002B9 89               [ 2]  664 	pushw	x
      0002BA 90 89            [ 2]  665 	pushw	y
      0002BC 4B 00            [ 1]  666 	push	#0x00
      0002BE 4B 24            [ 1]  667 	push	#0x24
      0002C0 4B F4            [ 1]  668 	push	#0xf4
      0002C2 4B 00            [ 1]  669 	push	#0x00
      0002C4 CDr00r00         [ 4]  670 	call	__divulong
      0002C7 5B 08            [ 2]  671 	addw	sp, #8
      0002C9 1F 04            [ 2]  672 	ldw	(0x04, sp), x
      0002CB 20 1A            [ 2]  673 	jra	00106$
      0002CD                        674 00105$:
                                    675 ;	lib/stm8s_clk.c: 550: else if ( clocksource == CLK_SOURCE_LSI)
      0002CD 7B 01            [ 1]  676 	ld	a, (0x01, sp)
      0002CF A1 D2            [ 1]  677 	cp	a, #0xd2
      0002D1 26 0B            [ 1]  678 	jrne	00102$
                                    679 ;	lib/stm8s_clk.c: 552: clockfrequency = LSI_VALUE;
      0002D3 AE F4 00         [ 2]  680 	ldw	x, #0xf400
      0002D6 1F 04            [ 2]  681 	ldw	(0x04, sp), x
      0002D8 90 AE 00 01      [ 2]  682 	ldw	y, #0x0001
      0002DC 20 09            [ 2]  683 	jra	00106$
      0002DE                        684 00102$:
                                    685 ;	lib/stm8s_clk.c: 556: clockfrequency = HSE_VALUE;
      0002DE AE 24 00         [ 2]  686 	ldw	x, #0x2400
      0002E1 1F 04            [ 2]  687 	ldw	(0x04, sp), x
      0002E3 90 AE 00 F4      [ 2]  688 	ldw	y, #0x00f4
      0002E7                        689 00106$:
                                    690 ;	lib/stm8s_clk.c: 559: return((uint32_t)clockfrequency);
      0002E7 1E 04            [ 2]  691 	ldw	x, (0x04, sp)
      0002E9 5B 07            [ 2]  692 	addw	sp, #7
      0002EB 81               [ 4]  693 	ret
                                    694 ;	lib/stm8s_clk.c: 569: void CLK_AdjustHSICalibrationValue(CLK_HSITrimValue_TypeDef CLK_HSICalibrationValue)
                                    695 ;	-----------------------------------------
                                    696 ;	 function CLK_AdjustHSICalibrationValue
                                    697 ;	-----------------------------------------
      0002EC                        698 _CLK_AdjustHSICalibrationValue:
                                    699 ;	lib/stm8s_clk.c: 573: CLK->HSITRIMR = (uint8_t)( (uint8_t)(CLK->HSITRIMR & (uint8_t)(~CLK_HSITRIMR_HSITRIM))|((uint8_t)CLK_HSICalibrationValue));
      0002EC AE 50 CC         [ 2]  700 	ldw	x, #0x50cc
      0002EF F6               [ 1]  701 	ld	a, (x)
      0002F0 A4 F8            [ 1]  702 	and	a, #0xf8
      0002F2 1A 03            [ 1]  703 	or	a, (0x03, sp)
      0002F4 AE 50 CC         [ 2]  704 	ldw	x, #0x50cc
      0002F7 F7               [ 1]  705 	ld	(x), a
      0002F8 81               [ 4]  706 	ret
                                    707 ;	lib/stm8s_clk.c: 585: void CLK_SYSCLKEmergencyClear(void)
                                    708 ;	-----------------------------------------
                                    709 ;	 function CLK_SYSCLKEmergencyClear
                                    710 ;	-----------------------------------------
      0002F9                        711 _CLK_SYSCLKEmergencyClear:
                                    712 ;	lib/stm8s_clk.c: 587: CLK->SWCR &= (uint8_t)(~CLK_SWCR_SWBSY);
      0002F9 72 11 50 C5      [ 1]  713 	bres	0x50c5, #0
      0002FD 81               [ 4]  714 	ret
                                    715 ;	lib/stm8s_clk.c: 597: FlagStatus CLK_GetFlagStatus(CLK_Flag_TypeDef CLK_FLAG)
                                    716 ;	-----------------------------------------
                                    717 ;	 function CLK_GetFlagStatus
                                    718 ;	-----------------------------------------
      0002FE                        719 _CLK_GetFlagStatus:
      0002FE 88               [ 1]  720 	push	a
                                    721 ;	lib/stm8s_clk.c: 604: statusreg = (uint16_t)((uint16_t)CLK_FLAG & (uint16_t)0xFF00);
      0002FF 4F               [ 1]  722 	clr	a
      000300 97               [ 1]  723 	ld	xl, a
      000301 7B 04            [ 1]  724 	ld	a, (0x04, sp)
      000303 95               [ 1]  725 	ld	xh, a
                                    726 ;	lib/stm8s_clk.c: 607: if (statusreg == 0x0100) /* The flag to check is in ICKRregister */
      000304 A3 01 00         [ 2]  727 	cpw	x, #0x0100
      000307 26 06            [ 1]  728 	jrne	00111$
                                    729 ;	lib/stm8s_clk.c: 609: tmpreg = CLK->ICKR;
      000309 AE 50 C0         [ 2]  730 	ldw	x, #0x50c0
      00030C F6               [ 1]  731 	ld	a, (x)
      00030D 20 25            [ 2]  732 	jra	00112$
      00030F                        733 00111$:
                                    734 ;	lib/stm8s_clk.c: 611: else if (statusreg == 0x0200) /* The flag to check is in ECKRregister */
      00030F A3 02 00         [ 2]  735 	cpw	x, #0x0200
      000312 26 06            [ 1]  736 	jrne	00108$
                                    737 ;	lib/stm8s_clk.c: 613: tmpreg = CLK->ECKR;
      000314 AE 50 C1         [ 2]  738 	ldw	x, #0x50c1
      000317 F6               [ 1]  739 	ld	a, (x)
      000318 20 1A            [ 2]  740 	jra	00112$
      00031A                        741 00108$:
                                    742 ;	lib/stm8s_clk.c: 615: else if (statusreg == 0x0300) /* The flag to check is in SWIC register */
      00031A A3 03 00         [ 2]  743 	cpw	x, #0x0300
      00031D 26 06            [ 1]  744 	jrne	00105$
                                    745 ;	lib/stm8s_clk.c: 617: tmpreg = CLK->SWCR;
      00031F AE 50 C5         [ 2]  746 	ldw	x, #0x50c5
      000322 F6               [ 1]  747 	ld	a, (x)
      000323 20 0F            [ 2]  748 	jra	00112$
      000325                        749 00105$:
                                    750 ;	lib/stm8s_clk.c: 619: else if (statusreg == 0x0400) /* The flag to check is in CSS register */
      000325 A3 04 00         [ 2]  751 	cpw	x, #0x0400
      000328 26 06            [ 1]  752 	jrne	00102$
                                    753 ;	lib/stm8s_clk.c: 621: tmpreg = CLK->CSSR;
      00032A AE 50 C8         [ 2]  754 	ldw	x, #0x50c8
      00032D F6               [ 1]  755 	ld	a, (x)
      00032E 20 04            [ 2]  756 	jra	00112$
      000330                        757 00102$:
                                    758 ;	lib/stm8s_clk.c: 625: tmpreg = CLK->CCOR;
      000330 AE 50 C9         [ 2]  759 	ldw	x, #0x50c9
      000333 F6               [ 1]  760 	ld	a, (x)
      000334                        761 00112$:
                                    762 ;	lib/stm8s_clk.c: 628: if ((tmpreg & (uint8_t)CLK_FLAG) != (uint8_t)RESET)
      000334 88               [ 1]  763 	push	a
      000335 7B 06            [ 1]  764 	ld	a, (0x06, sp)
      000337 6B 02            [ 1]  765 	ld	(0x02, sp), a
      000339 84               [ 1]  766 	pop	a
      00033A 14 01            [ 1]  767 	and	a, (0x01, sp)
      00033C 4D               [ 1]  768 	tnz	a
      00033D 27 03            [ 1]  769 	jreq	00114$
                                    770 ;	lib/stm8s_clk.c: 630: bitstatus = SET;
      00033F A6 01            [ 1]  771 	ld	a, #0x01
                                    772 ;	lib/stm8s_clk.c: 634: bitstatus = RESET;
      000341 21                     773 	.byte 0x21
      000342                        774 00114$:
      000342 4F               [ 1]  775 	clr	a
      000343                        776 00115$:
                                    777 ;	lib/stm8s_clk.c: 638: return((FlagStatus)bitstatus);
      000343 5B 01            [ 2]  778 	addw	sp, #1
      000345 81               [ 4]  779 	ret
                                    780 ;	lib/stm8s_clk.c: 647: ITStatus CLK_GetITStatus(CLK_IT_TypeDef CLK_IT)
                                    781 ;	-----------------------------------------
                                    782 ;	 function CLK_GetITStatus
                                    783 ;	-----------------------------------------
      000346                        784 _CLK_GetITStatus:
                                    785 ;	lib/stm8s_clk.c: 651: if (CLK_IT == CLK_IT_SWIF)
      000346 7B 03            [ 1]  786 	ld	a, (0x03, sp)
      000348 A1 1C            [ 1]  787 	cp	a, #0x1c
      00034A 26 0F            [ 1]  788 	jrne	00108$
                                    789 ;	lib/stm8s_clk.c: 654: if ((CLK->SWCR & (uint8_t)CLK_IT) == (uint8_t)0x0C)
      00034C AE 50 C5         [ 2]  790 	ldw	x, #0x50c5
      00034F F6               [ 1]  791 	ld	a, (x)
      000350 14 03            [ 1]  792 	and	a, (0x03, sp)
      000352 A1 0C            [ 1]  793 	cp	a, #0x0c
      000354 26 03            [ 1]  794 	jrne	00102$
                                    795 ;	lib/stm8s_clk.c: 656: bitstatus = SET;
      000356 A6 01            [ 1]  796 	ld	a, #0x01
      000358 81               [ 4]  797 	ret
      000359                        798 00102$:
                                    799 ;	lib/stm8s_clk.c: 660: bitstatus = RESET;
      000359 4F               [ 1]  800 	clr	a
      00035A 81               [ 4]  801 	ret
      00035B                        802 00108$:
                                    803 ;	lib/stm8s_clk.c: 666: if ((CLK->CSSR & (uint8_t)CLK_IT) == (uint8_t)0x0C)
      00035B AE 50 C8         [ 2]  804 	ldw	x, #0x50c8
      00035E F6               [ 1]  805 	ld	a, (x)
      00035F 14 03            [ 1]  806 	and	a, (0x03, sp)
      000361 A1 0C            [ 1]  807 	cp	a, #0x0c
      000363 26 03            [ 1]  808 	jrne	00105$
                                    809 ;	lib/stm8s_clk.c: 668: bitstatus = SET;
      000365 A6 01            [ 1]  810 	ld	a, #0x01
      000367 81               [ 4]  811 	ret
      000368                        812 00105$:
                                    813 ;	lib/stm8s_clk.c: 672: bitstatus = RESET;
      000368 4F               [ 1]  814 	clr	a
                                    815 ;	lib/stm8s_clk.c: 677: return bitstatus;
      000369 81               [ 4]  816 	ret
                                    817 ;	lib/stm8s_clk.c: 686: void CLK_ClearITPendingBit(CLK_IT_TypeDef CLK_IT)
                                    818 ;	-----------------------------------------
                                    819 ;	 function CLK_ClearITPendingBit
                                    820 ;	-----------------------------------------
      00036A                        821 _CLK_ClearITPendingBit:
                                    822 ;	lib/stm8s_clk.c: 689: if (CLK_IT == (uint8_t)CLK_IT_CSSD)
      00036A 7B 03            [ 1]  823 	ld	a, (0x03, sp)
      00036C A1 0C            [ 1]  824 	cp	a, #0x0c
      00036E 26 08            [ 1]  825 	jrne	00102$
                                    826 ;	lib/stm8s_clk.c: 692: CLK->CSSR &= (uint8_t)(~CLK_CSSR_CSSD);
      000370 AE 50 C8         [ 2]  827 	ldw	x, #0x50c8
      000373 F6               [ 1]  828 	ld	a, (x)
      000374 A4 F7            [ 1]  829 	and	a, #0xf7
      000376 F7               [ 1]  830 	ld	(x), a
      000377 81               [ 4]  831 	ret
      000378                        832 00102$:
                                    833 ;	lib/stm8s_clk.c: 697: CLK->SWCR &= (uint8_t)(~CLK_SWCR_SWIF);
      000378 AE 50 C5         [ 2]  834 	ldw	x, #0x50c5
      00037B F6               [ 1]  835 	ld	a, (x)
      00037C A4 F7            [ 1]  836 	and	a, #0xf7
      00037E F7               [ 1]  837 	ld	(x), a
      00037F 81               [ 4]  838 	ret
                                    839 	.area CODE
      000380                        840 _HSIDivFactor:
      000380 01                     841 	.db #0x01	; 1
      000381 02                     842 	.db #0x02	; 2
      000382 04                     843 	.db #0x04	; 4
      000383 08                     844 	.db #0x08	; 8
      000384                        845 _CLKPrescTable:
      000384 01                     846 	.db #0x01	; 1
      000385 02                     847 	.db #0x02	; 2
      000386 04                     848 	.db #0x04	; 4
      000387 08                     849 	.db #0x08	; 8
      000388 0A                     850 	.db #0x0a	; 10
      000389 10                     851 	.db #0x10	; 16
      00038A 14                     852 	.db #0x14	; 20
      00038B 28                     853 	.db #0x28	; 40
                                    854 	.area INITIALIZER
                                    855 	.area CABS (ABS)
